<?xml version="1.0" encoding="UTF-8"?>
<testsuite xmlns:xsi="http://www.w3.org/2001/XMLSchema-instance" xsi:noNamespaceSchemaLocation="https://maven.apache.org/surefire/maven-surefire-plugin/xsd/surefire-test-report.xsd" name="de.bord.festival.eventManagement.EventTest" time="0.058" tests="25" errors="0" skipped="0" failures="0">
  <properties>
[...]
</properties>
  <testcase name="should_return_not_null_because_the_playing_time_of_band_is_not_till_end_of_day" classname="de.bord.festival.eventManagement.EventTest" time="0.039"/>
  <testcase name="should_return_false_because_on_stage_should_play_band" classname="de.bord.festival.eventManagement.EventTest" time="0"/>
  <testcase name="should_return_true_for_added_stage" classname="de.bord.festival.eventManagement.EventTest" time="0"/>
  <testcase name="should_return_false_for_added_stage" classname="de.bord.festival.eventManagement.EventTest" time="0"/>
  <testcase name="should_throw_exception_band" classname="de.bord.festival.eventManagement.EventTest" time="0"/>
  <testcase name="should_return_0_number_of_bands" classname="de.bord.festival.eventManagement.EventTest" time="0.001"/>
  <testcase name="should_return_date2020_03_01_time10_30" classname="de.bord.festival.eventManagement.EventTest" time="0.001"/>
  <testcase name="should_return_date2020_03_01_time12_05" classname="de.bord.festival.eventManagement.EventTest" time="0"/>
  <testcase name="should_return_date2020_03_01_time21_30" classname="de.bord.festival.eventManagement.EventTest" time="0.001"/>
  <testcase name="should_return_3_days" classname="de.bord.festival.eventManagement.EventTest" time="0"/>
  <testcase name="should_return_true" classname="de.bord.festival.eventManagement.EventTest" time="0.001"/>
  <testcase name="should_return_1_number_of_bands" classname="de.bord.festival.eventManagement.EventTest" time="0"/>
  <testcase name="should_return_null_because_of_long_playing_time_of_band" classname="de.bord.festival.eventManagement.EventTest" time="0.001"/>
  <testcase name="should_not_remove_band_because_time_is_not_valid_returns_false" classname="de.bord.festival.eventManagement.EventTest" time="0"/>
  <testcase name="should_return_false_because_the_band_doesnt_exist_in_event_list" classname="de.bord.festival.eventManagement.EventTest" time="0"/>
  <testcase name="should_return_1_number_of_stages_because_of_removed_one" classname="de.bord.festival.eventManagement.EventTest" time="0"/>
  <testcase name="should_throw_exception_start_end_date" classname="de.bord.festival.eventManagement.EventTest" time="0.001"/>
  <testcase name="should_return_1_day" classname="de.bord.festival.eventManagement.EventTest" time="0.001"/>
  <testcase name="should_return_false" classname="de.bord.festival.eventManagement.EventTest" time="0"/>
  <testcase name="should_return_2_for_number_of_stages" classname="de.bord.festival.eventManagement.EventTest" time="0"/>
  <testcase name="should_return_2_number_of_stages" classname="de.bord.festival.eventManagement.EventTest" time="0"/>
  <testcase name="should_return_true_because_the_band_exists_in_event_list" classname="de.bord.festival.eventManagement.EventTest" time="0.001"/>
  <testcase name="should_remove_band_because_time_and_date_are_valid_returns_true" classname="de.bord.festival.eventManagement.EventTest" time="0"/>
  <testcase name="should_throw_exception_budget" classname="de.bord.festival.eventManagement.EventTest" time="0"/>
  <testcase name="should_return_1_number_of_stages" classname="de.bord.festival.eventManagement.EventTest" time="0"/>
</testsuite>