<?xml version="1.0" encoding="UTF-8"?>
<testsuite xmlns:xsi="http://www.w3.org/2001/XMLSchema-instance" xsi:noNamespaceSchemaLocation="https://maven.apache.org/surefire/maven-surefire-plugin/xsd/surefire-test-report.xsd" name="de.bord.festival.band.BandTest" time="0.001" tests="4" errors="0" skipped="0" failures="0">
  <properties>
[...]
</properties>
  <testcase name="two_bands_with_same_names_should_be_equals" classname="de.bord.festival.band.BandTest" time="0"/>
  <testcase name="two_bands_with_different_names_should_not_be_equals" classname="de.bord.festival.band.BandTest" time="0"/>
  <testcase name="should_return_3_event_info" classname="de.bord.festival.band.BandTest" time="0"/>
  <testcase name="should_return_2_event_infos_without_removed_one" classname="de.bord.festival.band.BandTest" time="0"/>
</testsuite>