<?xml version="1.0" encoding="UTF-8"?>
<testsuite xmlns:xsi="http://www.w3.org/2001/XMLSchema-instance" xsi:noNamespaceSchemaLocation="https://maven.apache.org/surefire/maven-surefire-plugin/xsd/surefire-test-report.xsd" name="de.bord.festival.client.ClientTest" time="0.3" tests="90" errors="0" skipped="0" failures="0">
  <properties>
[...]
</properties>
  <testcase name="should_throw_exception_for_firstname_with_numbers{String}[1]" classname="de.bord.festival.client.ClientTest" time="0.029"/>
  <testcase name="should_throw_exception_for_firstname_with_numbers{String}[2]" classname="de.bord.festival.client.ClientTest" time="0.001"/>
  <testcase name="should_throw_exception_for_firstname_with_numbers{String}[3]" classname="de.bord.festival.client.ClientTest" time="0.001"/>
  <testcase name="should_throw_exception_for_firstname_with_numbers{String}[4]" classname="de.bord.festival.client.ClientTest" time="0.003"/>
  <testcase name="should_throw_exception_for_firstname_with_numbers{String}[5]" classname="de.bord.festival.client.ClientTest" time="0"/>
  <testcase name="should_throw_exception_for_firstname_with_numbers{String}[6]" classname="de.bord.festival.client.ClientTest" time="0"/>
  <testcase name="should_throw_exception_for_firstname_with_numbers{String}[7]" classname="de.bord.festival.client.ClientTest" time="0.004"/>
  <testcase name="should_throw_exception_for_firstname_with_numbers{String}[8]" classname="de.bord.festival.client.ClientTest" time="0.001"/>
  <testcase name="should_throw_exception_for_firstname_with_numbers{String}[9]" classname="de.bord.festival.client.ClientTest" time="0"/>
  <testcase name="should_throw_exception_for_firstname_with_numbers{String}[10]" classname="de.bord.festival.client.ClientTest" time="0.001"/>
  <testcase name="should_throw_exception_for_lastname_51_characters_long" classname="de.bord.festival.client.ClientTest" time="0.001"/>
  <testcase name="should_throw_exception_for_invalid_mail{String}[1]" classname="de.bord.festival.client.ClientTest" time="0.002"/>
  <testcase name="should_throw_exception_for_invalid_mail{String}[2]" classname="de.bord.festival.client.ClientTest" time="0.001"/>
  <testcase name="should_throw_exception_for_invalid_mail{String}[3]" classname="de.bord.festival.client.ClientTest" time="0.001"/>
  <testcase name="should_throw_exception_for_invalid_mail{String}[4]" classname="de.bord.festival.client.ClientTest" time="0.001"/>
  <testcase name="should_throw_exception_for_invalid_mail{String}[5]" classname="de.bord.festival.client.ClientTest" time="0"/>
  <testcase name="should_throw_exception_for_invalid_mail{String}[6]" classname="de.bord.festival.client.ClientTest" time="0.001"/>
  <testcase name="should_throw_exception_for_lastname_empty" classname="de.bord.festival.client.ClientTest" time="0.001"/>
  <testcase name="should_throw_exception_for_firstname_empty" classname="de.bord.festival.client.ClientTest" time="0.004"/>
  <testcase name="should_throw_exception_for_firstname_with_specialchars{String}[1]" classname="de.bord.festival.client.ClientTest" time="0"/>
  <testcase name="should_throw_exception_for_firstname_with_specialchars{String}[2]" classname="de.bord.festival.client.ClientTest" time="0.001"/>
  <testcase name="should_throw_exception_for_firstname_with_specialchars{String}[3]" classname="de.bord.festival.client.ClientTest" time="0.002"/>
  <testcase name="should_throw_exception_for_firstname_with_specialchars{String}[4]" classname="de.bord.festival.client.ClientTest" time="0.001"/>
  <testcase name="should_throw_exception_for_firstname_with_specialchars{String}[5]" classname="de.bord.festival.client.ClientTest" time="0.002"/>
  <testcase name="should_throw_exception_for_firstname_with_specialchars{String}[6]" classname="de.bord.festival.client.ClientTest" time="0.002"/>
  <testcase name="should_throw_exception_for_firstname_with_specialchars{String}[7]" classname="de.bord.festival.client.ClientTest" time="0.002"/>
  <testcase name="should_throw_exception_for_firstname_with_specialchars{String}[8]" classname="de.bord.festival.client.ClientTest" time="0.002"/>
  <testcase name="should_throw_exception_for_firstname_with_specialchars{String}[9]" classname="de.bord.festival.client.ClientTest" time="0.001"/>
  <testcase name="should_throw_exception_for_firstname_with_specialchars{String}[10]" classname="de.bord.festival.client.ClientTest" time="0.001"/>
  <testcase name="should_throw_exception_for_firstname_with_specialchars{String}[11]" classname="de.bord.festival.client.ClientTest" time="0.001"/>
  <testcase name="should_throw_exception_for_firstname_with_specialchars{String}[12]" classname="de.bord.festival.client.ClientTest" time="0.001"/>
  <testcase name="should_throw_exception_for_firstname_with_specialchars{String}[13]" classname="de.bord.festival.client.ClientTest" time="0"/>
  <testcase name="should_throw_exception_for_firstname_with_specialchars{String}[14]" classname="de.bord.festival.client.ClientTest" time="0.003"/>
  <testcase name="should_throw_exception_for_firstname_with_specialchars{String}[15]" classname="de.bord.festival.client.ClientTest" time="0.001"/>
  <testcase name="should_throw_exception_for_firstname_with_specialchars{String}[16]" classname="de.bord.festival.client.ClientTest" time="0.001"/>
  <testcase name="should_throw_exception_for_firstname_with_specialchars{String}[17]" classname="de.bord.festival.client.ClientTest" time="0.001"/>
  <testcase name="should_throw_exception_for_firstname_with_specialchars{String}[18]" classname="de.bord.festival.client.ClientTest" time="0.001"/>
  <testcase name="should_throw_exception_for_firstname_with_specialchars{String}[19]" classname="de.bord.festival.client.ClientTest" time="0.003"/>
  <testcase name="should_throw_exception_for_firstname_with_specialchars{String}[20]" classname="de.bord.festival.client.ClientTest" time="0.001"/>
  <testcase name="should_throw_exception_for_firstname_with_specialchars{String}[21]" classname="de.bord.festival.client.ClientTest" time="0"/>
  <testcase name="should_throw_exception_for_firstname_with_specialchars{String}[22]" classname="de.bord.festival.client.ClientTest" time="0"/>
  <testcase name="should_throw_exception_for_firstname_with_specialchars{String}[23]" classname="de.bord.festival.client.ClientTest" time="0"/>
  <testcase name="should_throw_exception_for_firstname_with_specialchars{String}[24]" classname="de.bord.festival.client.ClientTest" time="0.002"/>
  <testcase name="should_throw_exception_for_firstname_with_specialchars{String}[25]" classname="de.bord.festival.client.ClientTest" time="0.001"/>
  <testcase name="should_throw_exception_for_firstname_with_specialchars{String}[26]" classname="de.bord.festival.client.ClientTest" time="0.001"/>
  <testcase name="should_throw_exception_for_firstname_with_specialchars{String}[27]" classname="de.bord.festival.client.ClientTest" time="0.001"/>
  <testcase name="should_throw_exception_for_firstname_with_specialchars{String}[28]" classname="de.bord.festival.client.ClientTest" time="0.001"/>
  <testcase name="should_throw_exception_for_mail_with_missing_domain" classname="de.bord.festival.client.ClientTest" time="0.001"/>
  <testcase name="should_throw_exception_for_mail_with_missing_at_symbol" classname="de.bord.festival.client.ClientTest" time="0.002"/>
  <testcase name="should_throw_exception_for_firstname_51_characters_long" classname="de.bord.festival.client.ClientTest" time="0.004"/>
  <testcase name="should_throw_exception_for_lastname_with_specialchars{String}[1]" classname="de.bord.festival.client.ClientTest" time="0"/>
  <testcase name="should_throw_exception_for_lastname_with_specialchars{String}[2]" classname="de.bord.festival.client.ClientTest" time="0"/>
  <testcase name="should_throw_exception_for_lastname_with_specialchars{String}[3]" classname="de.bord.festival.client.ClientTest" time="0"/>
  <testcase name="should_throw_exception_for_lastname_with_specialchars{String}[4]" classname="de.bord.festival.client.ClientTest" time="0.001"/>
  <testcase name="should_throw_exception_for_lastname_with_specialchars{String}[5]" classname="de.bord.festival.client.ClientTest" time="0.001"/>
  <testcase name="should_throw_exception_for_lastname_with_specialchars{String}[6]" classname="de.bord.festival.client.ClientTest" time="0.001"/>
  <testcase name="should_throw_exception_for_lastname_with_specialchars{String}[7]" classname="de.bord.festival.client.ClientTest" time="0.001"/>
  <testcase name="should_throw_exception_for_lastname_with_specialchars{String}[8]" classname="de.bord.festival.client.ClientTest" time="0.001"/>
  <testcase name="should_throw_exception_for_lastname_with_specialchars{String}[9]" classname="de.bord.festival.client.ClientTest" time="0.001"/>
  <testcase name="should_throw_exception_for_lastname_with_specialchars{String}[10]" classname="de.bord.festival.client.ClientTest" time="0.001"/>
  <testcase name="should_throw_exception_for_lastname_with_specialchars{String}[11]" classname="de.bord.festival.client.ClientTest" time="0.001"/>
  <testcase name="should_throw_exception_for_lastname_with_specialchars{String}[12]" classname="de.bord.festival.client.ClientTest" time="0.001"/>
  <testcase name="should_throw_exception_for_lastname_with_specialchars{String}[13]" classname="de.bord.festival.client.ClientTest" time="0.001"/>
  <testcase name="should_throw_exception_for_lastname_with_specialchars{String}[14]" classname="de.bord.festival.client.ClientTest" time="0.001"/>
  <testcase name="should_throw_exception_for_lastname_with_specialchars{String}[15]" classname="de.bord.festival.client.ClientTest" time="0.001"/>
  <testcase name="should_throw_exception_for_lastname_with_specialchars{String}[16]" classname="de.bord.festival.client.ClientTest" time="0.001"/>
  <testcase name="should_throw_exception_for_lastname_with_specialchars{String}[17]" classname="de.bord.festival.client.ClientTest" time="0.001"/>
  <testcase name="should_throw_exception_for_lastname_with_specialchars{String}[18]" classname="de.bord.festival.client.ClientTest" time="0.001"/>
  <testcase name="should_throw_exception_for_lastname_with_specialchars{String}[19]" classname="de.bord.festival.client.ClientTest" time="0"/>
  <testcase name="should_throw_exception_for_lastname_with_specialchars{String}[20]" classname="de.bord.festival.client.ClientTest" time="0.001"/>
  <testcase name="should_throw_exception_for_lastname_with_specialchars{String}[21]" classname="de.bord.festival.client.ClientTest" time="0.001"/>
  <testcase name="should_throw_exception_for_lastname_with_specialchars{String}[22]" classname="de.bord.festival.client.ClientTest" time="0.001"/>
  <testcase name="should_throw_exception_for_lastname_with_specialchars{String}[23]" classname="de.bord.festival.client.ClientTest" time="0.001"/>
  <testcase name="should_throw_exception_for_lastname_with_specialchars{String}[24]" classname="de.bord.festival.client.ClientTest" time="0.001"/>
  <testcase name="should_throw_exception_for_lastname_with_specialchars{String}[25]" classname="de.bord.festival.client.ClientTest" time="0.001"/>
  <testcase name="should_throw_exception_for_lastname_with_specialchars{String}[26]" classname="de.bord.festival.client.ClientTest" time="0.001"/>
  <testcase name="should_throw_exception_for_lastname_with_specialchars{String}[27]" classname="de.bord.festival.client.ClientTest" time="0.001"/>
  <testcase name="should_throw_exception_for_lastname_with_specialchars{String}[28]" classname="de.bord.festival.client.ClientTest" time="0.001"/>
  <testcase name="should_throw_exception_for_lastname_with_numbers{String}[1]" classname="de.bord.festival.client.ClientTest" time="0.004"/>
  <testcase name="should_throw_exception_for_lastname_with_numbers{String}[2]" classname="de.bord.festival.client.ClientTest" time="0.009"/>
  <testcase name="should_throw_exception_for_lastname_with_numbers{String}[3]" classname="de.bord.festival.client.ClientTest" time="0.001"/>
  <testcase name="should_throw_exception_for_lastname_with_numbers{String}[4]" classname="de.bord.festival.client.ClientTest" time="0.001"/>
  <testcase name="should_throw_exception_for_lastname_with_numbers{String}[5]" classname="de.bord.festival.client.ClientTest" time="0.002"/>
  <testcase name="should_throw_exception_for_lastname_with_numbers{String}[6]" classname="de.bord.festival.client.ClientTest" time="0.001"/>
  <testcase name="should_throw_exception_for_lastname_with_numbers{String}[7]" classname="de.bord.festival.client.ClientTest" time="0"/>
  <testcase name="should_throw_exception_for_lastname_with_numbers{String}[8]" classname="de.bord.festival.client.ClientTest" time="0.001"/>
  <testcase name="should_throw_exception_for_lastname_with_numbers{String}[9]" classname="de.bord.festival.client.ClientTest" time="0.001"/>
  <testcase name="should_throw_exception_for_lastname_with_numbers{String}[10]" classname="de.bord.festival.client.ClientTest" time="0.001"/>
  <testcase name="should_throw_nothing_for_lastname_50_characters_long" classname="de.bord.festival.client.ClientTest" time="0.002"/>
  <testcase name="should_throw_nothing_for_firstname_50_characters_long" classname="de.bord.festival.client.ClientTest" time="0.002"/>
</testsuite>