<?xml version="1.0" encoding="UTF-8"?>
<testsuite xmlns:xsi="http://www.w3.org/2001/XMLSchema-instance" xsi:noNamespaceSchemaLocation="https://maven.apache.org/surefire/maven-surefire-plugin/xsd/surefire-test-report.xsd" name="de.bord.festival.address.addressTest" time="0.038" tests="2" errors="0" skipped="0" failures="0">
  <properties>
[...]
</properties>
  <testcase name="should_return_true_for_address_object" classname="de.bord.festival.address.addressTest" time="0.024"/>
  <testcase name="should_return_false_for_nonaddress_object" classname="de.bord.festival.address.addressTest" time="0"/>
</testsuite>